# JRE version: Java(TM) SE Runtime Environment (8.0_181-b13) (build 1.8.0_181-b13)
# Java VM: Java HotSpot(TM) 64-Bit Server VM (25.181-b13 mixed mode windows-amd64 compressed oops)
Heap:
 PSYoungGen      total 202240K, used 151245K [0x000000076bd80000, 0x0000000779780000, 0x00000007c0000000)
  eden space 192512K, 73% used [0x000000076bd80000,0x000000077480b7d0,0x0000000777980000)
  from space 9728K, 99% used [0x0000000778e00000,0x000000077977f808,0x0000000779780000)
  to   space 15360K, 0% used [0x0000000777980000,0x0000000777980000,0x0000000778880000)
 ParOldGen       total 175104K, used 37148K [0x00000006c3800000, 0x00000006ce300000, 0x000000076bd80000)
  object space 175104K, 21% used [0x00000006c3800000,0x00000006c5c47228,0x00000006ce300000)
 Metaspace       used 47899K, capacity 50009K, committed 50088K, reserved 1093632K
  class space    used 6194K, capacity 6560K, committed 6568K, reserved 1048576K
GC Heap History (10 events):
Event: 1.903 GC heap before
{Heap before GC invocations=8 (full 1):
 PSYoungGen      total 152064K, used 101009K [0x000000076bd80000, 0x0000000778800000, 0x00000007c0000000)
  eden space 138752K, 63% used [0x000000076bd80000,0x00000007713e21b0,0x0000000774500000)
  from space 13312K, 94% used [0x0000000775380000,0x0000000775fc2518,0x0000000776080000)
  to   space 14848K, 0% used [0x0000000774500000,0x0000000774500000,0x0000000775380000)
 ParOldGen       total 107520K, used 9164K [0x00000006c3800000, 0x00000006ca100000, 0x000000076bd80000)
  object space 107520K, 8% used [0x00000006c3800000,0x00000006c40f32f8,0x00000006ca100000)
 Metaspace       used 33928K, capacity 35437K, committed 35496K, reserved 1079296K
  class space    used 4474K, capacity 4776K, committed 4776K, reserved 1048576K
Event: 1.909 GC heap after
Heap after GC invocations=8 (full 1):
 PSYoungGen      total 153600K, used 12434K [0x000000076bd80000, 0x0000000779d80000, 0x00000007c0000000)
  eden space 138752K, 0% used [0x000000076bd80000,0x000000076bd80000,0x0000000774500000)
  from space 14848K, 83% used [0x0000000774500000,0x0000000775124a58,0x0000000775380000)
  to   space 15872K, 0% used [0x0000000778e00000,0x0000000778e00000,0x0000000779d80000)
 ParOldGen       total 107520K, used 9172K [0x00000006c3800000, 0x00000006ca100000, 0x000000076bd80000)
  object space 107520K, 8% used [0x00000006c3800000,0x00000006c40f52f8,0x00000006ca100000)
 Metaspace       used 33928K, capacity 35437K, committed 35496K, reserved 1079296K
  class space    used 4474K, capacity 4776K, committed 4776K, reserved 1048576K
}
Event: 1.909 GC heap before
{Heap before GC invocations=9 (full 2):
 PSYoungGen      total 153600K, used 12434K [0x000000076bd80000, 0x0000000779d80000, 0x00000007c0000000)
  eden space 138752K, 0% used [0x000000076bd80000,0x000000076bd80000,0x0000000774500000)
  from space 14848K, 83% used [0x0000000774500000,0x0000000775124a58,0x0000000775380000)
  to   space 15872K, 0% used [0x0000000778e00000,0x0000000778e00000,0x0000000779d80000)
 ParOldGen       total 107520K, used 9172K [0x00000006c3800000, 0x00000006ca100000, 0x000000076bd80000)
  object space 107520K, 8% used [0x00000006c3800000,0x00000006c40f52f8,0x00000006ca100000)
 Metaspace       used 33928K, capacity 35437K, committed 35496K, reserved 1079296K
  class space    used 4474K, capacity 4776K, committed 4776K, reserved 1048576K
Event: 1.939 GC heap after
Heap after GC invocations=9 (full 2):
 PSYoungGen      total 153600K, used 0K [0x000000076bd80000, 0x0000000779d80000, 0x00000007c0000000)
  eden space 138752K, 0% used [0x000000076bd80000,0x000000076bd80000,0x0000000774500000)
  from space 14848K, 0% used [0x0000000774500000,0x0000000774500000,0x0000000775380000)
  to   space 15872K, 0% used [0x0000000778e00000,0x0000000778e00000,0x0000000779d80000)
 ParOldGen       total 175104K, used 17557K [0x00000006c3800000, 0x00000006ce300000, 0x000000076bd80000)
  object space 175104K, 10% used [0x00000006c3800000,0x00000006c4925760,0x00000006ce300000)
 Metaspace       used 33928K, capacity 35437K, committed 35496K, reserved 1079296K
  class space    used 4474K, capacity 4776K, committed 4776K, reserved 1048576K
}
Event: 2.517 GC heap before
{Heap before GC invocations=10 (full 2):
 PSYoungGen      total 153600K, used 138752K [0x000000076bd80000, 0x0000000779d80000, 0x00000007c0000000)
  eden space 138752K, 100% used [0x000000076bd80000,0x0000000774500000,0x0000000774500000)
  from space 14848K, 0% used [0x0000000774500000,0x0000000774500000,0x0000000775380000)
  to   space 15872K, 0% used [0x0000000778e00000,0x0000000778e00000,0x0000000779d80000)
 ParOldGen       total 175104K, used 17557K [0x00000006c3800000, 0x00000006ce300000, 0x000000076bd80000)
  object space 175104K, 10% used [0x00000006c3800000,0x00000006c4925760,0x00000006ce300000)
 Metaspace       used 40058K, capacity 41813K, committed 41896K, reserved 1085440K
  class space    used 5195K, capacity 5533K, committed 5544K, reserved 1048576K
Event: 2.522 GC heap after
Heap after GC invocations=10 (full 2):
 PSYoungGen      total 202240K, used 9087K [0x000000076bd80000, 0x0000000779780000, 0x00000007c0000000)
  eden space 192512K, 0% used [0x000000076bd80000,0x000000076bd80000,0x0000000777980000)
  from space 9728K, 93% used [0x0000000778e00000,0x00000007796dff30,0x0000000779780000)
  to   space 15360K, 0% used [0x0000000777980000,0x0000000777980000,0x0000000778880000)
 ParOldGen       total 175104K, used 17565K [0x00000006c3800000, 0x00000006ce300000, 0x000000076bd80000)
  object space 175104K, 10% used [0x00000006c3800000,0x00000006c4927760,0x00000006ce300000)
 Metaspace       used 40058K, capacity 41813K, committed 41896K, reserved 1085440K
  class space    used 5195K, capacity 5533K, committed 5544K, reserved 1048576K
}
Event: 3.034 GC heap before
{Heap before GC invocations=11 (full 2):
 PSYoungGen      total 202240K, used 201599K [0x000000076bd80000, 0x0000000779780000, 0x00000007c0000000)
  eden space 192512K, 100% used [0x000000076bd80000,0x0000000777980000,0x0000000777980000)
  from space 9728K, 93% used [0x0000000778e00000,0x00000007796dff30,0x0000000779780000)
  to   space 15360K, 0% used [0x0000000777980000,0x0000000777980000,0x0000000778880000)
 ParOldGen       total 175104K, used 17565K [0x00000006c3800000, 0x00000006ce300000, 0x000000076bd80000)
  object space 175104K, 10% used [0x00000006c3800000,0x00000006c4927760,0x00000006ce300000)
 Metaspace       used 47110K, capacity 49213K, committed 49320K, reserved 1091584K
  class space    used 6127K, capacity 6505K, committed 6568K, reserved 1048576K
Event: 3.049 GC heap after
Heap after GC invocations=11 (full 2):
 PSYoungGen      total 207872K, used 15339K [0x000000076bd80000, 0x0000000779780000, 0x00000007c0000000)
  eden space 192512K, 0% used [0x000000076bd80000,0x000000076bd80000,0x0000000777980000)
  from space 15360K, 99% used [0x0000000777980000,0x000000077887ae78,0x0000000778880000)
  to   space 9728K, 0% used [0x0000000778e00000,0x0000000778e00000,0x0000000779780000)
 ParOldGen       total 175104K, used 20820K [0x00000006c3800000, 0x00000006ce300000, 0x000000076bd80000)
  object space 175104K, 11% used [0x00000006c3800000,0x00000006c4c55028,0x00000006ce300000)
 Metaspace       used 47110K, capacity 49213K, committed 49320K, reserved 1091584K
  class space    used 6127K, capacity 6505K, committed 6568K, reserved 1048576K
}
Event: 3.518 GC heap before
{Heap before GC invocations=12 (full 2):
 PSYoungGen      total 207872K, used 207851K [0x000000076bd80000, 0x0000000779780000, 0x00000007c0000000)
  eden space 192512K, 100% used [0x000000076bd80000,0x0000000777980000,0x0000000777980000)
  from space 15360K, 99% used [0x0000000777980000,0x000000077887ae78,0x0000000778880000)
  to   space 9728K, 0% used [0x0000000778e00000,0x0000000778e00000,0x0000000779780000)
 ParOldGen       total 175104K, used 20820K [0x00000006c3800000, 0x00000006ce300000, 0x000000076bd80000)
  object space 175104K, 11% used [0x00000006c3800000,0x00000006c4c55028,0x00000006ce300000)
 Metaspace       used 47704K, capacity 49779K, committed 49832K, reserved 1093632K
  class space    used 6191K, capacity 6555K, committed 6568K, reserved 1048576K
Event: 3.532 GC heap after
Heap after GC invocations=12 (full 2):
 PSYoungGen      total 202240K, used 9726K [0x000000076bd80000, 0x0000000779780000, 0x00000007c0000000)
  eden space 192512K, 0% used [0x000000076bd80000,0x000000076bd80000,0x0000000777980000)
  from space 9728K, 99% used [0x0000000778e00000,0x000000077977f808,0x0000000779780000)
  to   space 15360K, 0% used [0x0000000777980000,0x0000000777980000,0x0000000778880000)
 ParOldGen       total 175104K, used 37148K [0x00000006c3800000, 0x00000006ce300000, 0x000000076bd80000)
  object space 175104K, 21% used [0x00000006c3800000,0x00000006c5c47228,0x00000006ce300000)
 Metaspace       used 47704K, capacity 49779K, committed 49832K, reserved 1093632K
  class space    used 6191K, capacity 6555K, committed 6568K, reserved 1048576K
}

